Base path: /Applications/Unity/Unity.app/Contents
Cmd: initializeCompiler
Cmd: compileComputeKernel
  api=4 insize=1435 outsize=585 ok=1
Cmd: translateComputeKernel
  api=14 insize=7445 outsize=3193 ok=1
Cmd: compileComputeKernel
  api=14 insize=3273 outsize=7897 ok=1
Cmd: translateComputeKernel
  api=14 insize=8257 outsize=8537 ok=1
Cmd: compileComputeKernel
  api=14 insize=1526 outsize=7457 ok=1
Cmd: translateComputeKernel
  api=14 insize=7457 outsize=3561 ok=1
Cmd: initializeCompiler
Cmd: initializeCompiler
Cmd: initializeCompiler
Cmd: initializeCompiler
Cmd: initializeCompiler
Cmd: initializeCompiler

Quitting shader compiler process
